<?xml version="1.0" encoding="UTF-8"?>
<!-- Generated by org.testng.reporters.JUnitXMLReporter -->
<testsuite hostname="Gabriels-Air-2.gracepointonline.org" name="FBLoginTest" tests="1" failures="0" timestamp="19 Apr 2018 18:46:47 GMT" time="0.075" errors="0">
  <testcase name="@BeforeClass setUp" time="0.0" classname="com.facebook.tests.FBTestHomePage">
    <failure type="java.lang.NullPointerException">
      <![CDATA[java.lang.NullPointerException
	at com.examples.config.GlobalDataStore.initParameters(GlobalDataStore.java:31)
	at com.facebook.tests.FBTestHomePage.setUp(FBTestHomePage.java:50)
... Removed 24 stack frames]]>
    </failure>
  </testcase>
  <testcase name="@AfterClass afterClass" time="0.0" classname="com.facebook.tests.FBTestHomePage">
    <skipped/>
  </testcase>
  <testcase name="testNewAccountFields" time="0.002" classname="com.facebook.tests.FBTestHomePage">
    <skipped/>
  </testcase>
</testsuite>
